<?xml version="1.0" encoding="UTF-8"?>
<!-- Generated by org.testng.reporters.JUnitReportReporter -->
<testsuite hostname="DESKTOP-H0PI4DT" failures="0" tests="2" name="controlExample.HandleCheckboxRadiButton" time="0.240" errors="0" timestamp="2022-12-01T11:28:42 IST" skipped="0">
  <testcase classname="controlExample.HandleCheckboxRadiButton" name="verifyCheckbox" time="0.167"/>
  <system-out/>
  <testcase classname="controlExample.HandleCheckboxRadiButton" name="verifyRadioButton" time="0.073"/>
  <system-out/>
</testsuite> <!-- controlExample.HandleCheckboxRadiButton -->
