<?xml version="1.0" encoding="UTF-8"?>
<!-- Generated by org.testng.reporters.JUnitReportReporter -->
<testsuite hostname="LAPTOP-2CLB23D4" failures="0" tests="4" name="ddtNopCom.NOPCommLoginTest" time="39.360" errors="0" timestamp="2022-12-08T17:09:15 IST" skipped="0">
  <testcase classname="ddtNopCom.NOPCommLoginTest" name="verifyLoginWithInValidUser" time="9.865"/>
  <system-out/>
  <testcase classname="ddtNopCom.NOPCommLoginTest" name="verifyLoginWithInValidUser" time="9.848"/>
  <system-out/>
  <testcase classname="ddtNopCom.NOPCommLoginTest" name="verifyLoginWithInValidUser" time="9.829"/>
  <system-out/>
  <testcase classname="ddtNopCom.NOPCommLoginTest" name="verifyLoginWithInValidUser" time="9.818"/>
  <system-out/>
</testsuite> <!-- ddtNopCom.NOPCommLoginTest -->
