<?xml version="1.0" encoding="UTF-8"?>
<!-- Generated by org.testng.reporters.JUnitReportReporter -->
<testsuite hostname="DESKTOP-H0PI4DT" failures="0" tests="3" name="controlExample.HandleAlert" time="18.877" errors="0" timestamp="2022-12-01T11:28:42 IST" skipped="0">
  <testcase classname="controlExample.HandleAlert" name="verifyPromptAlert" time="6.479"/>
  <system-out/>
  <testcase classname="controlExample.HandleAlert" name="verifyConfirmAlert" time="6.253"/>
  <system-out/>
  <testcase classname="controlExample.HandleAlert" name="verifySimpleAlert" time="6.145"/>
  <system-out/>
</testsuite> <!-- controlExample.HandleAlert -->
