<?xml version="1.0" encoding="UTF-8"?>
<!-- Generated by org.testng.reporters.JUnitReportReporter -->
<testsuite hostname="DESKTOP-H0PI4DT" failures="0" tests="2" name="controlExample.HandleDropdown" time="11.224" errors="0" timestamp="2022-12-01T11:28:42 IST" skipped="0">
  <testcase classname="controlExample.HandleDropdown" name="verifyList" time="7.893"/>
  <system-out/>
  <testcase classname="controlExample.HandleDropdown" name="verifyList2" time="3.331"/>
  <system-out/>
</testsuite> <!-- controlExample.HandleDropdown -->
