<?xml version="1.0" encoding="UTF-8"?>
<!-- Generated by org.testng.reporters.JUnitReportReporter -->
<testsuite skipped="0" hostname="LAPTOP-2CLB23D4" name="excelFileExample.RegisterStudentExcelTest" tests="1" failures="0" timestamp="2022-12-10T13:48:59 IST" time="203.904" errors="0">
  <testcase name="RegistrationDataDrivernTest" time="203.904" classname="excelFileExample.RegisterStudentExcelTest"/>
  <system-out/>
</testsuite> <!-- excelFileExample.RegisterStudentExcelTest -->
