<?xml version="1.0" encoding="UTF-8"?>
<!-- Generated by org.testng.reporters.JUnitReportReporter -->
<testsuite hostname="DESKTOP-H0PI4DT" failures="0" tests="5" name="nopComm.LoginTest" time="113.436" errors="0" timestamp="2022-12-05T11:33:01 IST" skipped="0">
  <testcase classname="nopComm.LoginTest" name="verifyLogin" time="23.642"/>
  <system-out/>
  <testcase classname="nopComm.LoginTest" name="verifyLogin" time="21.529"/>
  <system-out/>
  <testcase classname="nopComm.LoginTest" name="verifyLogin" time="21.437"/>
  <system-out/>
  <testcase classname="nopComm.LoginTest" name="verifyLogin" time="22.789"/>
  <system-out/>
  <testcase classname="nopComm.LoginTest" name="verifyLogin" time="24.039"/>
  <system-out/>
</testsuite> <!-- nopComm.LoginTest -->
